[debug] [2023-04-18T20:07:18.849Z] ----------------------------------------------------------------------
[debug] [2023-04-18T20:07:18.850Z] Command:       /opt/homebrew/Cellar/node/18.0.0/bin/node /opt/homebrew/bin/firebase init
[debug] [2023-04-18T20:07:18.850Z] CLI Version:   11.28.0
[debug] [2023-04-18T20:07:18.850Z] Platform:      darwin
[debug] [2023-04-18T20:07:18.850Z] Node Version:  v18.0.0
[debug] [2023-04-18T20:07:18.851Z] Time:          Wed Apr 19 2023 00:07:18 GMT+0400 (Armenia Standard Time)
[debug] [2023-04-18T20:07:18.851Z] ----------------------------------------------------------------------
[debug] 
[debug] [2023-04-18T20:07:18.852Z] >>> [apiv2][query] GET https://firebase-public.firebaseio.com/cli.json [none]
[debug] [2023-04-18T20:07:18.864Z] > command requires scopes: ["email","openid","https://www.googleapis.com/auth/cloudplatformprojects.readonly","https://www.googleapis.com/auth/firebase","https://www.googleapis.com/auth/cloud-platform"]
[debug] [2023-04-18T20:07:18.864Z] > authorizing via signed-in user (t.yeritsyan99@gmail.com)
[info] 
     ######## #### ########  ######## ########     ###     ######  ########
     ##        ##  ##     ## ##       ##     ##  ##   ##  ##       ##
     ######    ##  ########  ######   ########  #########  ######  ######
     ##        ##  ##    ##  ##       ##     ## ##     ##       ## ##
     ##       #### ##     ## ######## ########  ##     ##  ######  ########

You're about to initialize a Firebase project in this directory:

  /Users/tigranyeritsyan/Desktop/project/chat-app

[debug] [2023-04-18T20:07:19.291Z] <<< [apiv2][status] GET https://firebase-public.firebaseio.com/cli.json 200
[debug] [2023-04-18T20:07:19.292Z] <<< [apiv2][body] GET https://firebase-public.firebaseio.com/cli.json {"cloudBuildErrorAfter":1594252800000,"cloudBuildWarnAfter":1590019200000,"defaultNode10After":1594252800000,"minVersion":"3.0.5","node8DeploysDisabledAfter":1613390400000,"node8RuntimeDisabledAfter":1615809600000,"node8WarnAfter":1600128000000}
